<?xml version="1.0" encoding="UTF-8"?>
<!-- Generated by org.testng.reporters.JUnitReportReporter -->
<testsuite hostname="Pranitha" failures="0" tests="1" name="com.ELUS.qa.utils.Utils" time="0.071" errors="0" timestamp="2024-07-26T10:00:25 IST" skipped="0">
  <testcase classname="com.ELUS.qa.utils.Utils" name="generateTimeStamp" time="0.071"/>
</testsuite> <!-- com.ELUS.qa.utils.Utils -->
